execve("./tst", ["./tst"], 0x7ffca006b650 /* 12 vars */) = 0
brk(NULL)                               = 0x55e9466d7000
mmap(NULL, 8192, PROT_READ|PROT_WRITE, MAP_PRIVATE|MAP_ANONYMOUS, -1, 0) = 0x7f7bb8a3e000
access("/etc/ld.so.preload", R_OK)      = -1 ENOENT (No such file or directory)
openat(AT_FDCWD, "/etc/ld.so.cache", O_RDONLY|O_CLOEXEC) = 3
newfstatat(3, "", {st_mode=S_IFREG|0644, st_size=153740, ...}, AT_EMPTY_PATH) = 0
mmap(NULL, 153740, PROT_READ, MAP_PRIVATE, 3, 0) = 0x7f7bb8a18000
close(3)                                = 0
openat(AT_FDCWD, "/lib64/libc.so.6", O_RDONLY|O_CLOEXEC) = 3
read(3, "\177ELF\2\1\1\3\0\0\0\0\0\0\0\0\3\0>\0\1\0\0\0\0\225\2\0\0\0\0\0"..., 832) = 832
pread64(3, "\6\0\0\0\4\0\0\0@\0\0\0\0\0\0\0@\0\0\0\0\0\0\0@\0\0\0\0\0\0\0"..., 784, 64) = 784
pread64(3, "\4\0\0\0 \0\0\0\5\0\0\0GNU\0\1\0\1\300\4\0\0\0;\10\0\0\0\0\0\0"..., 48, 848) = 48
pread64(3, "\4\0\0\0\20\0\0\0\1\0\0\0GNU\0\0\0\0\0\3\0\0\0\2\0\0\0\0\0\0\0", 32, 896) = 32
newfstatat(3, "", {st_mode=S_IFREG|0755, st_size=2028440, ...}, AT_EMPTY_PATH) = 0
pread64(3, "\6\0\0\0\4\0\0\0@\0\0\0\0\0\0\0@\0\0\0\0\0\0\0@\0\0\0\0\0\0\0"..., 784, 64) = 784
mmap(NULL, 2059632, PROT_READ, MAP_PRIVATE|MAP_DENYWRITE, 3, 0) = 0x7f7bb8821000
mmap(0x7f7bb8849000, 1478656, PROT_READ|PROT_EXEC, MAP_PRIVATE|MAP_FIXED|MAP_DENYWRITE, 3, 0x28000) = 0x7f7bb8849000
mmap(0x7f7bb89b2000, 360448, PROT_READ, MAP_PRIVATE|MAP_FIXED|MAP_DENYWRITE, 3, 0x191000) = 0x7f7bb89b2000
mmap(0x7f7bb8a0a000, 24576, PROT_READ|PROT_WRITE, MAP_PRIVATE|MAP_FIXED|MAP_DENYWRITE, 3, 0x1e8000) = 0x7f7bb8a0a000
mmap(0x7f7bb8a10000, 32112, PROT_READ|PROT_WRITE, MAP_PRIVATE|MAP_FIXED|MAP_ANONYMOUS, -1, 0) = 0x7f7bb8a10000
close(3)                                = 0
mmap(NULL, 12288, PROT_READ|PROT_WRITE, MAP_PRIVATE|MAP_ANONYMOUS, -1, 0) = 0x7f7bb881e000
arch_prctl(ARCH_SET_FS, 0x7f7bb881e740) = 0
set_tid_address(0x7f7bb881ea10)         = 2344
set_robust_list(0x7f7bb881ea20, 24)     = 0
rseq(0x7f7bb881f0e0, 0x20, 0, 0x53053053) = 0
mprotect(0x7f7bb8a0a000, 16384, PROT_READ) = 0
mprotect(0x55e945e97000, 4096, PROT_READ) = 0
mprotect(0x7f7bb8a74000, 8192, PROT_READ) = 0
prlimit64(0, RLIMIT_STACK, NULL, {rlim_cur=8192*1024, rlim_max=RLIM64_INFINITY}) = 0
munmap(0x7f7bb8a18000, 153740)          = 0
getrandom("\xbc\x99\x95\xab\x1d\x90\x8f\xbc", 8, GRND_NONBLOCK) = 8
brk(NULL)                               = 0x55e9466d7000
brk(0x55e9466f8000)                     = 0x55e9466f8000
write(1, "S", 1)                        = 1
write(1, "u", 1)                        = 1
write(1, "c", 1)                        = 1
write(1, "c", 1)                        = 1
write(1, "e", 1)                        = 1
write(1, "s", 1)                        = 1
write(1, "f", 1)                        = 1
write(1, "u", 1)                        = 1
write(1, "l", 1)                        = 1
write(1, "l", 1)                        = 1
write(1, "y", 1)                        = 1
write(1, " ", 1)                        = 1
write(1, "a", 1)                        = 1
write(1, "l", 1)                        = 1
write(1, "l", 1)                        = 1
write(1, "o", 1)                        = 1
write(1, "c", 1)                        = 1
write(1, "a", 1)                        = 1
write(1, "t", 1)                        = 1
write(1, "e", 1)                        = 1
write(1, "d", 1)                        = 1
write(1, " ", 1)                        = 1
write(1, "b", 1)                        = 1
write(1, "i", 1)                        = 1
write(1, "n", 1)                        = 1
write(1, "a", 1)                        = 1
write(1, "r", 1)                        = 1
write(1, "y", 1)                        = 1
write(1, " ", 1)                        = 1
write(1, "n", 1)                        = 1
write(1, "o", 1)                        = 1
write(1, "d", 1)                        = 1
write(1, "e", 1)                        = 1
write(1, " ", 1)                        = 1
write(1, "w", 1)                        = 1
write(1, "i", 1)                        = 1
write(1, "t", 1)                        = 1
write(1, "h", 1)                        = 1
write(1, " ", 1)                        = 1
write(1, "n", 1)                        = 1
write(1, "o", 1)                        = 1
write(1, "d", 1)                        = 1
write(1, "e", 1)                        = 1
write(1, "-", 1)                        = 1
write(1, ">", 1)                        = 1
write(1, "i", 1)                        = 1
write(1, "t", 1)                        = 1
write(1, "e", 1)                        = 1
write(1, "m", 1)                        = 1
write(1, " ", 1)                        = 1
write(1, ":", 1)                        = 1
write(1, "\n", 1)                       = 1
write(1, "R", 1)                        = 1
write(1, "o", 1)                        = 1
write(1, "o", 1)                        = 1
write(1, "t", 1)                        = 1
write(1, "\n", 1)                       = 1
write(1, "P", 1)                        = 1
write(1, "r", 1)                        = 1
write(1, "e", 1)                        = 1
write(1, "f", 1)                        = 1
write(1, "i", 1)                        = 1
write(1, "x", 1)                        = 1
write(1, " ", 1)                        = 1
write(1, "r", 1)                        = 1
write(1, "e", 1)                        = 1
write(1, "a", 1)                        = 1
write(1, "d", 1)                        = 1
write(1, "i", 1)                        = 1
write(1, "n", 1)                        = 1
write(1, "g", 1)                        = 1
write(1, "\n", 1)                       = 1
write(1, "R", 1)                        = 1
write(1, "o", 1)                        = 1
write(1, "o", 1)                        = 1
write(1, "t", 1)                        = 1
write(1, "\n", 1)                       = 1
write(1, "R", 1)                        = 1
write(1, "o", 1)                        = 1
write(1, "o", 1)                        = 1
write(1, "t", 1)                        = 1
write(1, "-", 1)                        = 1
write(1, ">", 1)                        = 1
write(1, "L", 1)                        = 1
write(1, "e", 1)                        = 1
write(1, "f", 1)                        = 1
write(1, "t", 1)                        = 1
write(1, "\n", 1)                       = 1
write(1, "R", 1)                        = 1
write(1, "o", 1)                        = 1
write(1, "o", 1)                        = 1
write(1, "t", 1)                        = 1
write(1, "-", 1)                        = 1
write(1, ">", 1)                        = 1
write(1, "L", 1)                        = 1
write(1, "e", 1)                        = 1
write(1, "f", 1)                        = 1
write(1, "t", 1)                        = 1
write(1, "-", 1)                        = 1
write(1, ">", 1)                        = 1
write(1, "R", 1)                        = 1
write(1, "i", 1)                        = 1
write(1, "g", 1)                        = 1
write(1, "h", 1)                        = 1
write(1, "t", 1)                        = 1
write(1, "\n", 1)                       = 1
write(1, "R", 1)                        = 1
write(1, "o", 1)                        = 1
write(1, "o", 1)                        = 1
write(1, "t", 1)                        = 1
write(1, "-", 1)                        = 1
write(1, ">", 1)                        = 1
write(1, "R", 1)                        = 1
write(1, "i", 1)                        = 1
write(1, "g", 1)                        = 1
write(1, "h", 1)                        = 1
write(1, "t", 1)                        = 1
write(1, "\n", 1)                       = 1
write(1, "R", 1)                        = 1
write(1, "o", 1)                        = 1
write(1, "o", 1)                        = 1
write(1, "t", 1)                        = 1
write(1, "-", 1)                        = 1
write(1, ">", 1)                        = 1
write(1, "R", 1)                        = 1
write(1, "i", 1)                        = 1
write(1, "g", 1)                        = 1
write(1, "h", 1)                        = 1
write(1, "t", 1)                        = 1
write(1, "-", 1)                        = 1
write(1, ">", 1)                        = 1
write(1, "L", 1)                        = 1
write(1, "e", 1)                        = 1
write(1, "f", 1)                        = 1
write(1, "t", 1)                        = 1
write(1, "\n", 1)                       = 1
write(1, "R", 1)                        = 1
write(1, "o", 1)                        = 1
write(1, "o", 1)                        = 1
write(1, "t", 1)                        = 1
write(1, "-", 1)                        = 1
write(1, ">", 1)                        = 1
write(1, "R", 1)                        = 1
write(1, "i", 1)                        = 1
write(1, "g", 1)                        = 1
write(1, "h", 1)                        = 1
write(1, "t", 1)                        = 1
write(1, "-", 1)                        = 1
write(1, ">", 1)                        = 1
write(1, "L", 1)                        = 1
write(1, "e", 1)                        = 1
write(1, "f", 1)                        = 1
write(1, "t", 1)                        = 1
write(1, "-", 1)                        = 1
write(1, ">", 1)                        = 1
write(1, "R", 1)                        = 1
write(1, "i", 1)                        = 1
write(1, "g", 1)                        = 1
write(1, "h", 1)                        = 1
write(1, "t", 1)                        = 1
write(1, "\n", 1)                       = 1
write(1, "R", 1)                        = 1
write(1, "o", 1)                        = 1
write(1, "o", 1)                        = 1
write(1, "t", 1)                        = 1
write(1, "-", 1)                        = 1
write(1, ">", 1)                        = 1
write(1, "R", 1)                        = 1
write(1, "i", 1)                        = 1
write(1, "g", 1)                        = 1
write(1, "h", 1)                        = 1
write(1, "t", 1)                        = 1
write(1, "-", 1)                        = 1
write(1, ">", 1)                        = 1
write(1, "R", 1)                        = 1
write(1, "i", 1)                        = 1
write(1, "g", 1)                        = 1
write(1, "h", 1)                        = 1
write(1, "t", 1)                        = 1
write(1, "\n", 1)                       = 1
write(1, "I", 1)                        = 1
write(1, "n", 1)                        = 1
write(1, "f", 1)                        = 1
write(1, "i", 1)                        = 1
write(1, "x", 1)                        = 1
write(1, " ", 1)                        = 1
write(1, "r", 1)                        = 1
write(1, "e", 1)                        = 1
write(1, "a", 1)                        = 1
write(1, "d", 1)                        = 1
write(1, "i", 1)                        = 1
write(1, "n", 1)                        = 1
write(1, "g", 1)                        = 1
write(1, "\n", 1)                       = 1
write(1, "R", 1)                        = 1
write(1, "o", 1)                        = 1
write(1, "o", 1)                        = 1
write(1, "t", 1)                        = 1
write(1, "-", 1)                        = 1
write(1, ">", 1)                        = 1
write(1, "L", 1)                        = 1
write(1, "e", 1)                        = 1
write(1, "f", 1)                        = 1
write(1, "t", 1)                        = 1
write(1, "\n", 1)                       = 1
write(1, "R", 1)                        = 1
write(1, "o", 1)                        = 1
write(1, "o", 1)                        = 1
write(1, "t", 1)                        = 1
write(1, "-", 1)                        = 1
write(1, ">", 1)                        = 1
write(1, "L", 1)                        = 1
write(1, "e", 1)                        = 1
write(1, "f", 1)                        = 1
write(1, "t", 1)                        = 1
write(1, "-", 1)                        = 1
write(1, ">", 1)                        = 1
write(1, "R", 1)                        = 1
write(1, "i", 1)                        = 1
write(1, "g", 1)                        = 1
write(1, "h", 1)                        = 1
write(1, "t", 1)                        = 1
write(1, "\n", 1)                       = 1
write(1, "R", 1)                        = 1
write(1, "o", 1)                        = 1
write(1, "o", 1)                        = 1
write(1, "t", 1)                        = 1
write(1, "\n", 1)                       = 1
write(1, "R", 1)                        = 1
write(1, "o", 1)                        = 1
write(1, "o", 1)                        = 1
write(1, "t", 1)                        = 1
write(1, "-", 1)                        = 1
write(1, ">", 1)                        = 1
write(1, "R", 1)                        = 1
write(1, "i", 1)                        = 1
write(1, "g", 1)                        = 1
write(1, "h", 1)                        = 1
write(1, "t", 1)                        = 1
write(1, "-", 1)                        = 1
write(1, ">", 1)                        = 1
write(1, "L", 1)                        = 1
write(1, "e", 1)                        = 1
write(1, "f", 1)                        = 1
write(1, "t", 1)                        = 1
write(1, "\n", 1)                       = 1
write(1, "R", 1)                        = 1
write(1, "o", 1)                        = 1
write(1, "o", 1)                        = 1
write(1, "t", 1)                        = 1
write(1, "-", 1)                        = 1
write(1, ">", 1)                        = 1
write(1, "R", 1)                        = 1
write(1, "i", 1)                        = 1
write(1, "g", 1)                        = 1
write(1, "h", 1)                        = 1
write(1, "t", 1)                        = 1
write(1, "-", 1)                        = 1
write(1, ">", 1)                        = 1
write(1, "L", 1)                        = 1
write(1, "e", 1)                        = 1
write(1, "f", 1)                        = 1
write(1, "t", 1)                        = 1
write(1, "-", 1)                        = 1
write(1, ">", 1)                        = 1
write(1, "R", 1)                        = 1
write(1, "i", 1)                        = 1
write(1, "g", 1)                        = 1
write(1, "h", 1)                        = 1
write(1, "t", 1)                        = 1
write(1, "\n", 1)                       = 1
write(1, "R", 1)                        = 1
write(1, "o", 1)                        = 1
write(1, "o", 1)                        = 1
write(1, "t", 1)                        = 1
write(1, "-", 1)                        = 1
write(1, ">", 1)                        = 1
write(1, "R", 1)                        = 1
write(1, "i", 1)                        = 1
write(1, "g", 1)                        = 1
write(1, "h", 1)                        = 1
write(1, "t", 1)                        = 1
write(1, "\n", 1)                       = 1
write(1, "R", 1)                        = 1
write(1, "o", 1)                        = 1
write(1, "o", 1)                        = 1
write(1, "t", 1)                        = 1
write(1, "-", 1)                        = 1
write(1, ">", 1)                        = 1
write(1, "R", 1)                        = 1
write(1, "i", 1)                        = 1
write(1, "g", 1)                        = 1
write(1, "h", 1)                        = 1
write(1, "t", 1)                        = 1
write(1, "-", 1)                        = 1
write(1, ">", 1)                        = 1
write(1, "R", 1)                        = 1
write(1, "i", 1)                        = 1
write(1, "g", 1)                        = 1
write(1, "h", 1)                        = 1
write(1, "t", 1)                        = 1
write(1, "\n", 1)                       = 1
write(1, "S", 1)                        = 1
write(1, "u", 1)                        = 1
write(1, "f", 1)                        = 1
write(1, "f", 1)                        = 1
write(1, "i", 1)                        = 1
write(1, "x", 1)                        = 1
write(1, " ", 1)                        = 1
write(1, "r", 1)                        = 1
write(1, "e", 1)                        = 1
write(1, "a", 1)                        = 1
write(1, "d", 1)                        = 1
write(1, "i", 1)                        = 1
write(1, "n", 1)                        = 1
write(1, "g", 1)                        = 1
write(1, "\n", 1)                       = 1
write(1, "R", 1)                        = 1
write(1, "o", 1)                        = 1
write(1, "o", 1)                        = 1
write(1, "t", 1)                        = 1
write(1, "-", 1)                        = 1
write(1, ">", 1)                        = 1
write(1, "L", 1)                        = 1
write(1, "e", 1)                        = 1
write(1, "f", 1)                        = 1
write(1, "t", 1)                        = 1
write(1, "-", 1)                        = 1
write(1, ">", 1)                        = 1
write(1, "R", 1)                        = 1
write(1, "i", 1)                        = 1
write(1, "g", 1)                        = 1
write(1, "h", 1)                        = 1
write(1, "t", 1)                        = 1
write(1, "\n", 1)                       = 1
write(1, "R", 1)                        = 1
write(1, "o", 1)                        = 1
write(1, "o", 1)                        = 1
write(1, "t", 1)                        = 1
write(1, "-", 1)                        = 1
write(1, ">", 1)                        = 1
write(1, "L", 1)                        = 1
write(1, "e", 1)                        = 1
write(1, "f", 1)                        = 1
write(1, "t", 1)                        = 1
write(1, "\n", 1)                       = 1
write(1, "R", 1)                        = 1
write(1, "o", 1)                        = 1
write(1, "o", 1)                        = 1
write(1, "t", 1)                        = 1
write(1, "-", 1)                        = 1
write(1, ">", 1)                        = 1
write(1, "R", 1)                        = 1
write(1, "i", 1)                        = 1
write(1, "g", 1)                        = 1
write(1, "h", 1)                        = 1
write(1, "t", 1)                        = 1
write(1, "-", 1)                        = 1
write(1, ">", 1)                        = 1
write(1, "L", 1)                        = 1
write(1, "e", 1)                        = 1
write(1, "f", 1)                        = 1
write(1, "t", 1)                        = 1
write(1, "-", 1)                        = 1
write(1, ">", 1)                        = 1
write(1, "R", 1)                        = 1
write(1, "i", 1)                        = 1
write(1, "g", 1)                        = 1
write(1, "h", 1)                        = 1
write(1, "t", 1)                        = 1
write(1, "\n", 1)                       = 1
write(1, "R", 1)                        = 1
write(1, "o", 1)                        = 1
write(1, "o", 1)                        = 1
write(1, "t", 1)                        = 1
write(1, "-", 1)                        = 1
write(1, ">", 1)                        = 1
write(1, "R", 1)                        = 1
write(1, "i", 1)                        = 1
write(1, "g", 1)                        = 1
write(1, "h", 1)                        = 1
write(1, "t", 1)                        = 1
write(1, "-", 1)                        = 1
write(1, ">", 1)                        = 1
write(1, "L", 1)                        = 1
write(1, "e", 1)                        = 1
write(1, "f", 1)                        = 1
write(1, "t", 1)                        = 1
write(1, "\n", 1)                       = 1
write(1, "R", 1)                        = 1
write(1, "o", 1)                        = 1
write(1, "o", 1)                        = 1
write(1, "t", 1)                        = 1
write(1, "-", 1)                        = 1
write(1, ">", 1)                        = 1
write(1, "R", 1)                        = 1
write(1, "i", 1)                        = 1
write(1, "g", 1)                        = 1
write(1, "h", 1)                        = 1
write(1, "t", 1)                        = 1
write(1, "-", 1)                        = 1
write(1, ">", 1)                        = 1
write(1, "R", 1)                        = 1
write(1, "i", 1)                        = 1
write(1, "g", 1)                        = 1
write(1, "h", 1)                        = 1
write(1, "t", 1)                        = 1
write(1, "\n", 1)                       = 1
write(1, "R", 1)                        = 1
write(1, "o", 1)                        = 1
write(1, "o", 1)                        = 1
write(1, "t", 1)                        = 1
write(1, "-", 1)                        = 1
write(1, ">", 1)                        = 1
write(1, "R", 1)                        = 1
write(1, "i", 1)                        = 1
write(1, "g", 1)                        = 1
write(1, "h", 1)                        = 1
write(1, "t", 1)                        = 1
write(1, "\n", 1)                       = 1
write(1, "R", 1)                        = 1
write(1, "o", 1)                        = 1
write(1, "o", 1)                        = 1
write(1, "t", 1)                        = 1
write(1, "\n", 1)                       = 1
write(1, "P", 1)                        = 1
write(1, "r", 1)                        = 1
write(1, "e", 1)                        = 1
write(1, "f", 1)                        = 1
write(1, "i", 1)                        = 1
write(1, "x", 1)                        = 1
write(1, " ", 1)                        = 1
write(1, "r", 1)                        = 1
write(1, "e", 1)                        = 1
write(1, "a", 1)                        = 1
write(1, "d", 1)                        = 1
write(1, "i", 1)                        = 1
write(1, "n", 1)                        = 1
write(1, "g", 1)                        = 1
write(1, "\n", 1)                       = 1
write(1, "J", 1)                        = 1
write(1, "a", 1)                        = 1
write(1, "c", 1)                        = 1
write(1, "k", 1)                        = 1
write(1, "\n", 1)                       = 1
write(1, "A", 1)                        = 1
write(1, "v", 1)                        = 1
write(1, "e", 1)                        = 1
write(1, "r", 1)                        = 1
write(1, "e", 1)                        = 1
write(1, "l", 1)                        = 1
write(1, "l", 1)                        = 1
write(1, "\n", 1)                       = 1
write(1, "J", 1)                        = 1
write(1, "o", 1)                        = 1
write(1, "e", 1)                        = 1
write(1, "\n", 1)                       = 1
write(1, "W", 1)                        = 1
write(1, "i", 1)                        = 1
write(1, "l", 1)                        = 1
write(1, "l", 1)                        = 1
write(1, "i", 1)                        = 1
write(1, "a", 1)                        = 1
write(1, "m", 1)                        = 1
write(1, "\n", 1)                       = 1
write(1, "I", 1)                        = 1
write(1, "n", 1)                        = 1
write(1, "f", 1)                        = 1
write(1, "i", 1)                        = 1
write(1, "x", 1)                        = 1
write(1, " ", 1)                        = 1
write(1, "r", 1)                        = 1
write(1, "e", 1)                        = 1
write(1, "a", 1)                        = 1
write(1, "d", 1)                        = 1
write(1, "i", 1)                        = 1
write(1, "n", 1)                        = 1
write(1, "g", 1)                        = 1
write(1, "\n", 1)                       = 1
write(1, "A", 1)                        = 1
write(1, "v", 1)                        = 1
write(1, "e", 1)                        = 1
write(1, "r", 1)                        = 1
write(1, "e", 1)                        = 1
write(1, "l", 1)                        = 1
write(1, "l", 1)                        = 1
write(1, "\n", 1)                       = 1
write(1, "J", 1)                        = 1
write(1, "a", 1)                        = 1
write(1, "c", 1)                        = 1
write(1, "k", 1)                        = 1
write(1, "\n", 1)                       = 1
write(1, "J", 1)                        = 1
write(1, "o", 1)                        = 1
write(1, "e", 1)                        = 1
write(1, "\n", 1)                       = 1
write(1, "W", 1)                        = 1
write(1, "i", 1)                        = 1
write(1, "l", 1)                        = 1
write(1, "l", 1)                        = 1
write(1, "i", 1)                        = 1
write(1, "a", 1)                        = 1
write(1, "m", 1)                        = 1
write(1, "\n", 1)                       = 1
write(1, "S", 1)                        = 1
write(1, "u", 1)                        = 1
write(1, "f", 1)                        = 1
write(1, "f", 1)                        = 1
write(1, "i", 1)                        = 1
write(1, "x", 1)                        = 1
write(1, " ", 1)                        = 1
write(1, "r", 1)                        = 1
write(1, "e", 1)                        = 1
write(1, "a", 1)                        = 1
write(1, "d", 1)                        = 1
write(1, "i", 1)                        = 1
write(1, "n", 1)                        = 1
write(1, "g", 1)                        = 1
write(1, "\n", 1)                       = 1
write(1, "A", 1)                        = 1
write(1, "v", 1)                        = 1
write(1, "e", 1)                        = 1
write(1, "r", 1)                        = 1
write(1, "e", 1)                        = 1
write(1, "l", 1)                        = 1
write(1, "l", 1)                        = 1
write(1, "\n", 1)                       = 1
write(1, "W", 1)                        = 1
write(1, "i", 1)                        = 1
write(1, "l", 1)                        = 1
write(1, "l", 1)                        = 1
write(1, "i", 1)                        = 1
write(1, "a", 1)                        = 1
write(1, "m", 1)                        = 1
write(1, "\n", 1)                       = 1
write(1, "J", 1)                        = 1
write(1, "o", 1)                        = 1
write(1, "e", 1)                        = 1
write(1, "\n", 1)                       = 1
write(1, "J", 1)                        = 1
write(1, "a", 1)                        = 1
write(1, "c", 1)                        = 1
write(1, "k", 1)                        = 1
write(1, "\n", 1)                       = 1
exit_group(0)                           = ?
+++ exited with 0 +++
